-------------------------------------------------------------------------------
Test set: devops.SimpleTest
-------------------------------------------------------------------------------
Tests run: 1, Failures: 1, Errors: 0, Skipped: 0, Time elapsed: 0.03 s <<< FAILURE! - in devops.SimpleTest
testGet  Time elapsed: 0.026 s  <<< FAILURE!
org.opentest4j.AssertionFailedError: expected: <8> but was: <7>
	at devops.SimpleTest.testGet(SimpleTest.java:12)

